<?xml version="1.0" encoding="UTF-8"?>
<testsuite xmlns:xsi="http://www.w3.org/2001/XMLSchema-instance" xsi:noNamespaceSchemaLocation="https://maven.apache.org/surefire/maven-surefire-plugin/xsd/surefire-test-report.xsd" name="com.xiaohei.AppTest" time="0.105" tests="1" errors="0" skipped="0" failures="0">
  <properties>
    <property name="sun.desktop" value="windows"/>
    <property name="awt.toolkit" value="sun.awt.windows.WToolkit"/>
    <property name="file.encoding.pkg" value="sun.io"/>
    <property name="java.specification.version" value="1.8"/>
    <property name="sun.cpu.isalist" value="amd64"/>
    <property name="sun.jnu.encoding" value="GBK"/>
    <property name="java.class.path" value="D:\ideaProject\源码\xiaopangxie\xiaopangxie\xiaopangxie\OurTask\target\test-classes;D:\ideaProject\源码\xiaopangxie\xiaopangxie\xiaopangxie\OurTask\target\classes;D:\repository\org\springframework\data\spring-data-commons\2.7.1\spring-data-commons-2.7.1.jar;D:\repository\org\springframework\spring-core\5.3.20\spring-core-5.3.20.jar;D:\repository\org\springframework\spring-jcl\5.3.20\spring-jcl-5.3.20.jar;D:\repository\org\springframework\spring-beans\5.3.20\spring-beans-5.3.20.jar;D:\repository\org\slf4j\slf4j-api\1.7.36\slf4j-api-1.7.36.jar;D:\repository\org\springframework\boot\spring-boot\2.7.0\spring-boot-2.7.0.jar;D:\repository\org\springframework\spring-context\5.3.20\spring-context-5.3.20.jar;D:\repository\org\springframework\spring-aop\5.3.20\spring-aop-5.3.20.jar;D:\repository\org\springframework\spring-expression\5.3.20\spring-expression-5.3.20.jar;D:\repository\org\springframework\boot\spring-boot-starter\2.7.0\spring-boot-starter-2.7.0.jar;D:\repository\org\springframework\boot\spring-boot-autoconfigure\2.7.0\spring-boot-autoconfigure-2.7.0.jar;D:\repository\org\springframework\boot\spring-boot-starter-logging\2.7.0\spring-boot-starter-logging-2.7.0.jar;D:\repository\ch\qos\logback\logback-classic\1.2.11\logback-classic-1.2.11.jar;D:\repository\ch\qos\logback\logback-core\1.2.11\logback-core-1.2.11.jar;D:\repository\org\apache\logging\log4j\log4j-to-slf4j\2.17.2\log4j-to-slf4j-2.17.2.jar;D:\repository\org\apache\logging\log4j\log4j-api\2.17.2\log4j-api-2.17.2.jar;D:\repository\org\slf4j\jul-to-slf4j\1.7.36\jul-to-slf4j-1.7.36.jar;D:\repository\jakarta\annotation\jakarta.annotation-api\1.3.5\jakarta.annotation-api-1.3.5.jar;D:\repository\org\yaml\snakeyaml\1.30\snakeyaml-1.30.jar;D:\repository\com\alibaba\druid-spring-boot-starter\1.2.9\druid-spring-boot-starter-1.2.9.jar;D:\repository\com\alibaba\druid\1.2.9\druid-1.2.9.jar;D:\repository\com\baomidou\mybatis-plus-boot-starter\3.5.2\mybatis-plus-boot-starter-3.5.2.jar;D:\repository\com\baomidou\mybatis-plus\3.5.2\mybatis-plus-3.5.2.jar;D:\repository\org\jetbrains\kotlin\kotlin-stdlib-jdk8\1.6.21\kotlin-stdlib-jdk8-1.6.21.jar;D:\repository\org\jetbrains\kotlin\kotlin-stdlib\1.6.21\kotlin-stdlib-1.6.21.jar;D:\repository\org\jetbrains\kotlin\kotlin-stdlib-common\1.6.21\kotlin-stdlib-common-1.6.21.jar;D:\repository\org\jetbrains\annotations\13.0\annotations-13.0.jar;D:\repository\org\jetbrains\kotlin\kotlin-stdlib-jdk7\1.6.21\kotlin-stdlib-jdk7-1.6.21.jar;D:\repository\org\springframework\boot\spring-boot-starter-jdbc\2.7.0\spring-boot-starter-jdbc-2.7.0.jar;D:\repository\com\zaxxer\HikariCP\4.0.3\HikariCP-4.0.3.jar;D:\repository\org\springframework\spring-jdbc\5.3.20\spring-jdbc-5.3.20.jar;D:\repository\org\springframework\spring-tx\5.3.20\spring-tx-5.3.20.jar;D:\repository\com\baomidou\mybatis-plus-extension\3.5.2\mybatis-plus-extension-3.5.2.jar;D:\repository\com\baomidou\mybatis-plus-core\3.5.2\mybatis-plus-core-3.5.2.jar;D:\repository\com\baomidou\mybatis-plus-annotation\3.5.2\mybatis-plus-annotation-3.5.2.jar;D:\repository\com\github\jsqlparser\jsqlparser\4.4\jsqlparser-4.4.jar;D:\repository\org\mybatis\mybatis\3.5.10\mybatis-3.5.10.jar;D:\repository\org\mybatis\mybatis-spring\2.0.7\mybatis-spring-2.0.7.jar;D:\repository\com\baomidou\mybatis-plus-generator\3.5.2\mybatis-plus-generator-3.5.2.jar;D:\repository\mysql\mysql-connector-java\8.0.29\mysql-connector-java-8.0.29.jar;D:\repository\com\google\protobuf\protobuf-java\3.19.4\protobuf-java-3.19.4.jar;D:\repository\com\google\guava\guava\31.1-jre\guava-31.1-jre.jar;D:\repository\com\google\guava\failureaccess\1.0.1\failureaccess-1.0.1.jar;D:\repository\com\google\guava\listenablefuture\9999.0-empty-to-avoid-conflict-with-guava\listenablefuture-9999.0-empty-to-avoid-conflict-with-guava.jar;D:\repository\com\google\code\findbugs\jsr305\3.0.2\jsr305-3.0.2.jar;D:\repository\org\checkerframework\checker-qual\3.12.0\checker-qual-3.12.0.jar;D:\repository\com\google\errorprone\error_prone_annotations\2.11.0\error_prone_annotations-2.11.0.jar;D:\repository\com\google\j2objc\j2objc-annotations\1.3\j2objc-annotations-1.3.jar;D:\repository\com\alibaba\fastjson\2.0.7\fastjson-2.0.7.jar;D:\repository\com\alibaba\fastjson2\fastjson2-extension\2.0.7\fastjson2-extension-2.0.7.jar;D:\repository\com\alibaba\fastjson2\fastjson2\2.0.7\fastjson2-2.0.7.jar;D:\repository\javax\validation\validation-api\2.0.1.Final\validation-api-2.0.1.Final.jar;D:\repository\org\projectlombok\lombok\1.18.24\lombok-1.18.24.jar;D:\repository\junit\junit\4.11\junit-4.11.jar;D:\repository\org\hamcrest\hamcrest-core\2.2\hamcrest-core-2.2.jar;D:\repository\org\hamcrest\hamcrest\2.2\hamcrest-2.2.jar;"/>
    <property name="java.vm.vendor" value="Oracle Corporation"/>
    <property name="sun.arch.data.model" value="64"/>
    <property name="user.variant" value=""/>
    <property name="java.vendor.url" value="http://java.oracle.com/"/>
    <property name="user.timezone" value="Asia/Shanghai"/>
    <property name="java.vm.specification.version" value="1.8"/>
    <property name="os.name" value="Windows 10"/>
    <property name="user.country" value="CN"/>
    <property name="sun.java.launcher" value="SUN_STANDARD"/>
    <property name="sun.boot.library.path" value="D:\environment\jdk1.8\jre\bin"/>
    <property name="sun.java.command" value="C:\Users\cc\AppData\Local\Temp\surefire4861757446297291402\surefirebooter1731882574878662248.jar C:\Users\cc\AppData\Local\Temp\surefire4861757446297291402 2022-07-03T13-12-27_312-jvmRun1 surefire6737575855288360349tmp surefire_05379854118637979437tmp"/>
    <property name="surefire.test.class.path" value="D:\ideaProject\源码\xiaopangxie\xiaopangxie\xiaopangxie\OurTask\target\test-classes;D:\ideaProject\源码\xiaopangxie\xiaopangxie\xiaopangxie\OurTask\target\classes;D:\repository\org\springframework\data\spring-data-commons\2.7.1\spring-data-commons-2.7.1.jar;D:\repository\org\springframework\spring-core\5.3.20\spring-core-5.3.20.jar;D:\repository\org\springframework\spring-jcl\5.3.20\spring-jcl-5.3.20.jar;D:\repository\org\springframework\spring-beans\5.3.20\spring-beans-5.3.20.jar;D:\repository\org\slf4j\slf4j-api\1.7.36\slf4j-api-1.7.36.jar;D:\repository\org\springframework\boot\spring-boot\2.7.0\spring-boot-2.7.0.jar;D:\repository\org\springframework\spring-context\5.3.20\spring-context-5.3.20.jar;D:\repository\org\springframework\spring-aop\5.3.20\spring-aop-5.3.20.jar;D:\repository\org\springframework\spring-expression\5.3.20\spring-expression-5.3.20.jar;D:\repository\org\springframework\boot\spring-boot-starter\2.7.0\spring-boot-starter-2.7.0.jar;D:\repository\org\springframework\boot\spring-boot-autoconfigure\2.7.0\spring-boot-autoconfigure-2.7.0.jar;D:\repository\org\springframework\boot\spring-boot-starter-logging\2.7.0\spring-boot-starter-logging-2.7.0.jar;D:\repository\ch\qos\logback\logback-classic\1.2.11\logback-classic-1.2.11.jar;D:\repository\ch\qos\logback\logback-core\1.2.11\logback-core-1.2.11.jar;D:\repository\org\apache\logging\log4j\log4j-to-slf4j\2.17.2\log4j-to-slf4j-2.17.2.jar;D:\repository\org\apache\logging\log4j\log4j-api\2.17.2\log4j-api-2.17.2.jar;D:\repository\org\slf4j\jul-to-slf4j\1.7.36\jul-to-slf4j-1.7.36.jar;D:\repository\jakarta\annotation\jakarta.annotation-api\1.3.5\jakarta.annotation-api-1.3.5.jar;D:\repository\org\yaml\snakeyaml\1.30\snakeyaml-1.30.jar;D:\repository\com\alibaba\druid-spring-boot-starter\1.2.9\druid-spring-boot-starter-1.2.9.jar;D:\repository\com\alibaba\druid\1.2.9\druid-1.2.9.jar;D:\repository\com\baomidou\mybatis-plus-boot-starter\3.5.2\mybatis-plus-boot-starter-3.5.2.jar;D:\repository\com\baomidou\mybatis-plus\3.5.2\mybatis-plus-3.5.2.jar;D:\repository\org\jetbrains\kotlin\kotlin-stdlib-jdk8\1.6.21\kotlin-stdlib-jdk8-1.6.21.jar;D:\repository\org\jetbrains\kotlin\kotlin-stdlib\1.6.21\kotlin-stdlib-1.6.21.jar;D:\repository\org\jetbrains\kotlin\kotlin-stdlib-common\1.6.21\kotlin-stdlib-common-1.6.21.jar;D:\repository\org\jetbrains\annotations\13.0\annotations-13.0.jar;D:\repository\org\jetbrains\kotlin\kotlin-stdlib-jdk7\1.6.21\kotlin-stdlib-jdk7-1.6.21.jar;D:\repository\org\springframework\boot\spring-boot-starter-jdbc\2.7.0\spring-boot-starter-jdbc-2.7.0.jar;D:\repository\com\zaxxer\HikariCP\4.0.3\HikariCP-4.0.3.jar;D:\repository\org\springframework\spring-jdbc\5.3.20\spring-jdbc-5.3.20.jar;D:\repository\org\springframework\spring-tx\5.3.20\spring-tx-5.3.20.jar;D:\repository\com\baomidou\mybatis-plus-extension\3.5.2\mybatis-plus-extension-3.5.2.jar;D:\repository\com\baomidou\mybatis-plus-core\3.5.2\mybatis-plus-core-3.5.2.jar;D:\repository\com\baomidou\mybatis-plus-annotation\3.5.2\mybatis-plus-annotation-3.5.2.jar;D:\repository\com\github\jsqlparser\jsqlparser\4.4\jsqlparser-4.4.jar;D:\repository\org\mybatis\mybatis\3.5.10\mybatis-3.5.10.jar;D:\repository\org\mybatis\mybatis-spring\2.0.7\mybatis-spring-2.0.7.jar;D:\repository\com\baomidou\mybatis-plus-generator\3.5.2\mybatis-plus-generator-3.5.2.jar;D:\repository\mysql\mysql-connector-java\8.0.29\mysql-connector-java-8.0.29.jar;D:\repository\com\google\protobuf\protobuf-java\3.19.4\protobuf-java-3.19.4.jar;D:\repository\com\google\guava\guava\31.1-jre\guava-31.1-jre.jar;D:\repository\com\google\guava\failureaccess\1.0.1\failureaccess-1.0.1.jar;D:\repository\com\google\guava\listenablefuture\9999.0-empty-to-avoid-conflict-with-guava\listenablefuture-9999.0-empty-to-avoid-conflict-with-guava.jar;D:\repository\com\google\code\findbugs\jsr305\3.0.2\jsr305-3.0.2.jar;D:\repository\org\checkerframework\checker-qual\3.12.0\checker-qual-3.12.0.jar;D:\repository\com\google\errorprone\error_prone_annotations\2.11.0\error_prone_annotations-2.11.0.jar;D:\repository\com\google\j2objc\j2objc-annotations\1.3\j2objc-annotations-1.3.jar;D:\repository\com\alibaba\fastjson\2.0.7\fastjson-2.0.7.jar;D:\repository\com\alibaba\fastjson2\fastjson2-extension\2.0.7\fastjson2-extension-2.0.7.jar;D:\repository\com\alibaba\fastjson2\fastjson2\2.0.7\fastjson2-2.0.7.jar;D:\repository\javax\validation\validation-api\2.0.1.Final\validation-api-2.0.1.Final.jar;D:\repository\org\projectlombok\lombok\1.18.24\lombok-1.18.24.jar;D:\repository\junit\junit\4.11\junit-4.11.jar;D:\repository\org\hamcrest\hamcrest-core\2.2\hamcrest-core-2.2.jar;D:\repository\org\hamcrest\hamcrest\2.2\hamcrest-2.2.jar;"/>
    <property name="sun.cpu.endian" value="little"/>
    <property name="user.home" value="C:\Users\cc"/>
    <property name="user.language" value="zh"/>
    <property name="java.specification.vendor" value="Oracle Corporation"/>
    <property name="java.home" value="D:\environment\jdk1.8\jre"/>
    <property name="basedir" value="D:\ideaProject\源码\xiaopangxie\xiaopangxie\xiaopangxie\OurTask"/>
    <property name="file.separator" value="\"/>
    <property name="line.separator" value="&#10;"/>
    <property name="java.vm.specification.vendor" value="Oracle Corporation"/>
    <property name="java.specification.name" value="Java Platform API Specification"/>
    <property name="java.awt.graphicsenv" value="sun.awt.Win32GraphicsEnvironment"/>
    <property name="surefire.real.class.path" value="C:\Users\cc\AppData\Local\Temp\surefire4861757446297291402\surefirebooter1731882574878662248.jar"/>
    <property name="sun.boot.class.path" value="D:\environment\jdk1.8\jre\lib\resources.jar;D:\environment\jdk1.8\jre\lib\rt.jar;D:\environment\jdk1.8\jre\lib\sunrsasign.jar;D:\environment\jdk1.8\jre\lib\jsse.jar;D:\environment\jdk1.8\jre\lib\jce.jar;D:\environment\jdk1.8\jre\lib\charsets.jar;D:\environment\jdk1.8\jre\lib\jfr.jar;D:\environment\jdk1.8\jre\classes"/>
    <property name="user.script" value=""/>
    <property name="sun.management.compiler" value="HotSpot 64-Bit Tiered Compilers"/>
    <property name="java.runtime.version" value="1.8.0_111-b14"/>
    <property name="user.name" value="cc"/>
    <property name="path.separator" value=";"/>
    <property name="os.version" value="10.0"/>
    <property name="java.endorsed.dirs" value="D:\environment\jdk1.8\jre\lib\endorsed"/>
    <property name="java.runtime.name" value="Java(TM) SE Runtime Environment"/>
    <property name="file.encoding" value="GBK"/>
    <property name="java.vm.name" value="Java HotSpot(TM) 64-Bit Server VM"/>
    <property name="localRepository" value="D:\repository"/>
    <property name="java.vendor.url.bug" value="http://bugreport.sun.com/bugreport/"/>
    <property name="java.io.tmpdir" value="C:\Users\cc\AppData\Local\Temp\"/>
    <property name="java.version" value="1.8.0_111"/>
    <property name="user.dir" value="D:\ideaProject\源码\xiaopangxie\xiaopangxie\xiaopangxie\OurTask"/>
    <property name="os.arch" value="amd64"/>
    <property name="java.vm.specification.name" value="Java Virtual Machine Specification"/>
    <property name="java.awt.printerjob" value="sun.awt.windows.WPrinterJob"/>
    <property name="sun.os.patch.level" value=""/>
    <property name="idea.version2019.3.4" value="true"/>
    <property name="java.library.path" value="D:\environment\jdk1.8\jre\bin;C:\WINDOWS\Sun\Java\bin;C:\WINDOWS\system32;C:\WINDOWS;C:\WINDOWS\system32;C:\WINDOWS;C:\WINDOWS\System32\Wbem;C:\WINDOWS\System32\WindowsPowerShell\v1.0\;C:\WINDOWS\System32\OpenSSH\;D:\environment\Erlang\erl-24.0\bin;%rabbitmq_server%\sbin;D:\environment\jdk1.8\bin;G:\Git\bin;C:\Program Files (x86)\Git\cmd;G:\微信web开发者工具\dll;C:\Program Files\Docker\Docker\resources\bin;C:\ProgramData\DockerDesktop\version-bin;C:\Program Files\MySQL\MySQL Shell 8.0\bin\;."/>
    <property name="java.vm.info" value="mixed mode"/>
    <property name="java.vendor" value="Oracle Corporation"/>
    <property name="java.vm.version" value="25.111-b14"/>
    <property name="java.ext.dirs" value="D:\environment\jdk1.8\jre\lib\ext;C:\WINDOWS\Sun\Java\lib\ext"/>
    <property name="sun.io.unicode.encoding" value="UnicodeLittle"/>
    <property name="java.class.version" value="52.0"/>
  </properties>
  <testcase name="shouldAnswerWithTrue" classname="com.xiaohei.AppTest" time="0.003"/>
</testsuite>